Added Component: Designator=C1(C0805)
Add component (AddParameter): Name = "value"; Value = ""; VariantName = "[No Variations]"
Added Component: Designator=C2(C0805)
Add component (AddParameter): Name = "value"; Value = ""; VariantName = "[No Variations]"
Added Component: Designator=C3(C0805)
Add component (AddParameter): Name = "value"; Value = ""; VariantName = "[No Variations]"
Added Component: Designator=C4(C0805)
Add component (AddParameter): Name = "value"; Value = ""; VariantName = "[No Variations]"
Added Component: Designator=C5(C0805)
Add component (AddParameter): Name = "value"; Value = ""; VariantName = "[No Variations]"
Added Component: Designator=C6(C0805)
Add component (AddParameter): Name = "value"; Value = ""; VariantName = "[No Variations]"
Added Component: Designator=C7(C0805)
Add component (AddParameter): Name = "value"; Value = ""; VariantName = "[No Variations]"
Added Component: Designator=C8(C0805)
Add component (AddParameter): Name = "value"; Value = ""; VariantName = "[No Variations]"
Added Component: Designator=C9(C0805)
Add component (AddParameter): Name = "value"; Value = ""; VariantName = "[No Variations]"
Added Component: Designator=D1(LED-0805)
Added Component: Designator=P1(XH2.54-4PIN_SMD)
Added Component: Designator=P2(XH2.54-2Pin_SMD)
Added Component: Designator=P3(XH2.54-3Pin_SMD)
Added Component: Designator=P4(XH2.54-3Pin_SMD)
Added Component: Designator=P5(XH2.54-2pin)
Added Component: Designator=P6(XH2.54-4pin)
Added Component: Designator=R1(R0805)
Add component (AddParameter): Name = "value"; Value = ""; VariantName = "[No Variations]"
Added Component: Designator=R2(R0805)
Add component (AddParameter): Name = "value"; Value = ""; VariantName = "[No Variations]"
Added Component: Designator=R3(R0805)
Add component (AddParameter): Name = "value"; Value = ""; VariantName = "[No Variations]"
Added Component: Designator=R4(R0805)
Add component (AddParameter): Name = "value"; Value = ""; VariantName = "[No Variations]"
Added Component: Designator=R5(R0805)
Add component (AddParameter): Name = "value"; Value = ""; VariantName = "[No Variations]"
Added Component: Designator=SW1(Switch-2pin)
Added Component: Designator=T1(TPH2R608NH)
Added Component: Designator=U1(LQFP48)
Added Component: Designator=U2(SOT-223)
Added Component: Designator=XT(3225-P)
Add component (AddParameter): Name = "frequency"; Value = ""; VariantName = "[No Variations]"
Added Pin To Net: NetName=3V3 Pin=C1-2
Added Pin To Net: NetName=3V3 Pin=C5-2
Added Pin To Net: NetName=3V3 Pin=C6-2
Added Pin To Net: NetName=3V3 Pin=C7-2
Added Pin To Net: NetName=3V3 Pin=C9-2
Added Pin To Net: NetName=3V3 Pin=P1-1
Added Pin To Net: NetName=3V3 Pin=P6-1
Added Pin To Net: NetName=3V3 Pin=R1-2
Added Pin To Net: NetName=3V3 Pin=R2-2
Added Pin To Net: NetName=3V3 Pin=R4-2
Added Pin To Net: NetName=3V3 Pin=U1-9
Added Pin To Net: NetName=3V3 Pin=U1-24
Added Pin To Net: NetName=3V3 Pin=U1-36
Added Pin To Net: NetName=3V3 Pin=U1-48
Added Pin To Net: NetName=3V3 Pin=U2-2
Added Net: Name=3V3
Added Pin To Net: NetName=5V Pin=C8-2
Added Pin To Net: NetName=5V Pin=Con2-2
Added Pin To Net: NetName=5V Pin=Con2-2
Added Pin To Net: NetName=5V Pin=U2-3
Added Net: Name=5V
Added Pin To Net: NetName=12V Pin=Con2-4
Added Pin To Net: NetName=12V Pin=Con2-4
Added Pin To Net: NetName=12V Pin=P3-1
Added Pin To Net: NetName=12V Pin=P4-1
Added Net: Name=12V
Added Pin To Net: NetName=Cam Pin=P1-2
Added Pin To Net: NetName=Cam Pin=P5-1
Added Net: Name=Cam
Added Pin To Net: NetName=GND Pin=C1-1
Added Pin To Net: NetName=GND Pin=C2-1
Added Pin To Net: NetName=GND Pin=C3-1
Added Pin To Net: NetName=GND Pin=C4-1
Added Pin To Net: NetName=GND Pin=C5-1
Added Pin To Net: NetName=GND Pin=C6-1
Added Pin To Net: NetName=GND Pin=C7-1
Added Pin To Net: NetName=GND Pin=C8-1
Added Pin To Net: NetName=GND Pin=C9-1
Added Pin To Net: NetName=GND Pin=D1-2
Added Pin To Net: NetName=GND Pin=P3-3
Added Pin To Net: NetName=GND Pin=P4-3
Added Pin To Net: NetName=GND Pin=P5-2
Added Pin To Net: NetName=GND Pin=P6-4
Added Pin To Net: NetName=GND Pin=R3-2
Added Pin To Net: NetName=GND Pin=SW1-1
Added Pin To Net: NetName=GND Pin=T1-3
Added Pin To Net: NetName=GND Pin=T1-3
Added Pin To Net: NetName=GND Pin=T1-3
Added Pin To Net: NetName=GND Pin=U1-8
Added Pin To Net: NetName=GND Pin=U1-23
Added Pin To Net: NetName=GND Pin=U1-35
Added Pin To Net: NetName=GND Pin=U1-47
Added Pin To Net: NetName=GND Pin=U2-1
Added Pin To Net: NetName=GND Pin=XT-2
Added Pin To Net: NetName=GND Pin=XT-2
Added Net: Name=GND
Added Pin To Net: NetName=GPIO Pin=T1-2
Added Pin To Net: NetName=GPIO Pin=U1-26
Added Net: Name=GPIO
Added Pin To Net: NetName=I2C1_SCL Pin=P2-1
Added Pin To Net: NetName=I2C1_SCL Pin=R2-1
Added Pin To Net: NetName=I2C1_SCL Pin=U1-45
Added Net: Name=I2C1_SCL
Added Pin To Net: NetName=I2C1_SDA Pin=P2-2
Added Pin To Net: NetName=I2C1_SDA Pin=R1-1
Added Pin To Net: NetName=I2C1_SDA Pin=U1-46
Added Net: Name=I2C1_SDA
Added Pin To Net: NetName=I2C2_SCL Pin=Con1-14
Added Pin To Net: NetName=I2C2_SCL Pin=U1-21
Added Net: Name=I2C2_SCL
Added Pin To Net: NetName=I2C2_SDA Pin=Con1-13
Added Pin To Net: NetName=I2C2_SDA Pin=U1-22
Added Net: Name=I2C2_SDA
Added Pin To Net: NetName=NetD1_1 Pin=D1-1
Added Pin To Net: NetName=NetD1_1 Pin=R5-2
Added Net: Name=NetD1_1
Added Pin To Net: NetName=NetP1_4 Pin=P1-4
Added Pin To Net: NetName=NetP1_4 Pin=T1-1
Added Pin To Net: NetName=NetP1_4 Pin=T1-1
Added Pin To Net: NetName=NetP1_4 Pin=T1-1
Added Pin To Net: NetName=NetP1_4 Pin=T1-1
Added Pin To Net: NetName=NetP1_4 Pin=T1-1
Added Net: Name=NetP1_4
Added Pin To Net: NetName=NetR3_1 Pin=R3-1
Added Pin To Net: NetName=NetR3_1 Pin=U1-44
Added Net: Name=NetR3_1
Added Pin To Net: NetName=NetR5_1 Pin=R5-1
Added Pin To Net: NetName=NetR5_1 Pin=U1-25
Added Net: Name=NetR5_1
Added Pin To Net: NetName=OSC_IN Pin=C2-2
Added Pin To Net: NetName=OSC_IN Pin=U1-5
Added Pin To Net: NetName=OSC_IN Pin=XT-1
Added Net: Name=OSC_IN
Added Pin To Net: NetName=OSC_OUT Pin=C3-2
Added Pin To Net: NetName=OSC_OUT Pin=U1-6
Added Pin To Net: NetName=OSC_OUT Pin=XT-3
Added Net: Name=OSC_OUT
Added Pin To Net: NetName=Reset Pin=C4-2
Added Pin To Net: NetName=Reset Pin=R4-1
Added Pin To Net: NetName=Reset Pin=SW1-2
Added Pin To Net: NetName=Reset Pin=U1-7
Added Net: Name=Reset
Added Pin To Net: NetName=SWCLK Pin=P6-3
Added Pin To Net: NetName=SWCLK Pin=U1-37
Added Net: Name=SWCLK
Added Pin To Net: NetName=SWDIO Pin=P6-2
Added Pin To Net: NetName=SWDIO Pin=U1-34
Added Net: Name=SWDIO
Added Pin To Net: NetName=TIM1_CH1 Pin=Con1-1
Added Pin To Net: NetName=TIM1_CH1 Pin=P1-3
Added Pin To Net: NetName=TIM1_CH1 Pin=U1-29
Added Net: Name=TIM1_CH1
Added Pin To Net: NetName=TIM2_CH1 Pin=Con1-2
Added Pin To Net: NetName=TIM2_CH1 Pin=P3-2
Added Pin To Net: NetName=TIM2_CH1 Pin=U1-10
Added Net: Name=TIM2_CH1
Added Pin To Net: NetName=TIM2_CH2 Pin=Con1-3
Added Pin To Net: NetName=TIM2_CH2 Pin=P4-2
Added Pin To Net: NetName=TIM2_CH2 Pin=U1-11
Added Net: Name=TIM2_CH2
Added Pin To Net: NetName=USART1_RX Pin=Con1-19
Added Pin To Net: NetName=USART1_RX Pin=U1-30
Added Net: Name=USART1_RX
Added Pin To Net: NetName=USART1_TX Pin=Con1-20
Added Pin To Net: NetName=USART1_TX Pin=U1-31
Added Net: Name=USART1_TX
Added Member To Class: ClassName=Sheet1 Member=Component C1 100nF
Added Member To Class: ClassName=Sheet1 Member=Component C2 22pF
Added Member To Class: ClassName=Sheet1 Member=Component C3 22pF
Added Member To Class: ClassName=Sheet1 Member=Component C4 1uF
Added Member To Class: ClassName=Sheet1 Member=Component C5 100nF
Added Member To Class: ClassName=Sheet1 Member=Component C6 100nF
Added Member To Class: ClassName=Sheet1 Member=Component C7 100nF
Added Member To Class: ClassName=Sheet1 Member=Component C8 100nF
Added Member To Class: ClassName=Sheet1 Member=Component C9 100nF
Added Member To Class: ClassName=Sheet1 Member=Component D1 LED
Added Member To Class: ClassName=Sheet1 Member=Component P1 Micro-ROV
Added Member To Class: ClassName=Sheet1 Member=Component P2 ®£ÀsªOv1
Added Member To Class: ClassName=Sheet1 Member=Component P3 LED Driver 1
Added Member To Class: ClassName=Sheet1 Member=Component P4 LED Driver 2
Added Member To Class: ClassName=Sheet1 Member=Component P5 Cam OUT
Added Member To Class: ClassName=Sheet1 Member=Component P6 ST-Link
Added Member To Class: ClassName=Sheet1 Member=Component R1 4.7k
Added Member To Class: ClassName=Sheet1 Member=Component R2 4.7k
Added Member To Class: ClassName=Sheet1 Member=Component R3 1k
Added Member To Class: ClassName=Sheet1 Member=Component R4 10k
Added Member To Class: ClassName=Sheet1 Member=Component R5 1k
Added Member To Class: ClassName=Sheet1 Member=Component SW1 SW-PB
Added Member To Class: ClassName=Sheet1 Member=Component T1 NMOS 2R6
Added Member To Class: ClassName=Sheet1 Member=Component U1 STM32F103C8T6
Added Member To Class: ClassName=Sheet1 Member=Component U2 AMS1117
Added Member To Class: ClassName=Sheet1 Member=Component XT 8MHz
